
  .   ____          _            __ _ _
 /\\ / ___'_ __ _ _(_)_ __  __ _ \ \ \ \
( ( )\___ | '_ | '_| | '_ \/ _` | \ \ \ \
 \\/  ___)| |_)| | | | | || (_| |  ) ) ) )
  '  |____| .__|_| |_|_| |_\__, | / / / /
 =========|_|==============|___/=/_/_/_/
 :: Spring Boot ::                (v3.1.0)

2023-06-20T16:26:12.918+02:00  INFO 41240 --- [           main] c.i.d.r.RestGraphqlAppApplication        : Starting RestGraphqlAppApplication using Java 19.0.1 with PID 41240 (C:\progetti\demo\dmeo-app\rest-graphql-app\target\classes started by 059298758 in C:\progetti\demo\dmeo-app\rest-graphql-app)
2023-06-20T16:26:12.922+02:00  INFO 41240 --- [           main] c.i.d.r.RestGraphqlAppApplication        : No active profile set, falling back to 1 default profile: "default"
2023-06-20T16:26:13.341+02:00  INFO 41240 --- [           main] .s.d.r.c.RepositoryConfigurationDelegate : Bootstrapping Spring Data JPA repositories in DEFAULT mode.
2023-06-20T16:26:13.460+02:00  INFO 41240 --- [           main] .s.d.r.c.RepositoryConfigurationDelegate : Finished Spring Data repository scanning in 113 ms. Found 3 JPA repository interfaces.
2023-06-20T16:26:14.076+02:00  INFO 41240 --- [           main] o.s.b.w.embedded.tomcat.TomcatWebServer  : Tomcat initialized with port(s): 8080 (http)
2023-06-20T16:26:14.093+02:00  INFO 41240 --- [           main] o.apache.catalina.core.StandardService   : Starting service [Tomcat]
2023-06-20T16:26:14.093+02:00  INFO 41240 --- [           main] o.apache.catalina.core.StandardEngine    : Starting Servlet engine: [Apache Tomcat/10.1.8]
2023-06-20T16:26:14.180+02:00  INFO 41240 --- [           main] o.a.c.c.C.[Tomcat].[localhost].[/]       : Initializing Spring embedded WebApplicationContext
2023-06-20T16:26:14.182+02:00  INFO 41240 --- [           main] w.s.c.ServletWebServerApplicationContext : Root WebApplicationContext: initialization completed in 1184 ms
2023-06-20T16:26:14.486+02:00  INFO 41240 --- [           main] o.hibernate.jpa.internal.util.LogHelper  : HHH000204: Processing PersistenceUnitInfo [name: default]
2023-06-20T16:26:14.533+02:00  INFO 41240 --- [           main] org.hibernate.Version                    : HHH000412: Hibernate ORM core version 6.2.2.Final
2023-06-20T16:26:14.534+02:00  INFO 41240 --- [           main] org.hibernate.cfg.Environment            : HHH000406: Using bytecode reflection optimizer
2023-06-20T16:26:14.632+02:00  INFO 41240 --- [           main] o.h.b.i.BytecodeProviderInitiator        : HHH000021: Bytecode provider name : bytebuddy
2023-06-20T16:26:14.730+02:00  INFO 41240 --- [           main] o.s.o.j.p.SpringPersistenceUnitInfo      : No LoadTimeWeaver setup: ignoring JPA class transformer
2023-06-20T16:26:14.779+02:00  INFO 41240 --- [           main] org.hibernate.orm.dialect                : HHH035001: Using dialect: org.hibernate.dialect.H2Dialect, version: 2.1.214
2023-06-20T16:26:14.981+02:00  INFO 41240 --- [           main] o.h.b.i.BytecodeProviderInitiator        : HHH000021: Bytecode provider name : bytebuddy
2023-06-20T16:26:15.488+02:00  INFO 41240 --- [           main] o.h.e.t.j.p.i.JtaPlatformInitiator       : HHH000490: Using JtaPlatform implementation: [org.hibernate.engine.transaction.jta.platform.internal.NoJtaPlatform]
2023-06-20T16:26:15.519+02:00  INFO 41240 --- [           main] o.h.t.s.i.e.GenerationTargetToDatabase   : HHH000476: Executing script '[injected ScriptSourceInputNonExistentImpl script]'
2023-06-20T16:26:15.521+02:00  INFO 41240 --- [           main] j.LocalContainerEntityManagerFactoryBean : Initialized JPA EntityManagerFactory for persistence unit 'default'
2023-06-20T16:26:15.951+02:00  WARN 41240 --- [           main] JpaBaseConfiguration$JpaWebConfiguration : spring.jpa.open-in-view is enabled by default. Therefore, database queries may be performed during view rendering. Explicitly configure spring.jpa.open-in-view to disable this warning
2023-06-20T16:26:16.574+02:00  INFO 41240 --- [           main] efaultSchemaResourceGraphQlSourceBuilder : Loaded 1 resource(s) in the GraphQL schema.
2023-06-20T16:26:16.741+02:00  INFO 41240 --- [           main] s.b.a.g.s.GraphQlWebMvcAutoConfiguration : GraphQL endpoint HTTP POST /graphql
2023-06-20T16:26:16.924+02:00  INFO 41240 --- [           main] o.s.b.w.embedded.tomcat.TomcatWebServer  : Tomcat started on port(s): 8080 (http) with context path ''
2023-06-20T16:26:16.941+02:00  INFO 41240 --- [           main] c.i.d.r.RestGraphqlAppApplication        : Started RestGraphqlAppApplication in 4.357 seconds (process running for 4.761)
2023-06-20T16:26:26.372+02:00  INFO 41240 --- [nio-8080-exec-1] o.a.c.c.C.[Tomcat].[localhost].[/]       : Initializing Spring DispatcherServlet 'dispatcherServlet'
2023-06-20T16:26:26.372+02:00  INFO 41240 --- [nio-8080-exec-1] o.s.web.servlet.DispatcherServlet        : Initializing Servlet 'dispatcherServlet'
2023-06-20T16:26:26.373+02:00  INFO 41240 --- [nio-8080-exec-1] o.s.web.servlet.DispatcherServlet        : Completed initialization in 1 ms
2023-06-20T16:26:36.474+02:00  WARN 41240 --- [nio-8080-exec-9] notprivacysafe.graphql.GraphQL           : Query did not validate : 'query reservationDetails {
  reservationById(id: "1") {
    id
    book
    student
  }
}'
2023-06-20T16:29:46.017+02:00  INFO 41240 --- [ionShutdownHook] j.LocalContainerEntityManagerFactoryBean : Closing JPA EntityManagerFactory for persistence unit 'default'
2023-06-20T16:29:46.017+02:00  INFO 41240 --- [ionShutdownHook] .SchemaDropperImpl$DelayedDropActionImpl : HHH000477: Starting delayed evictData of schema as part of SessionFactory shut-down'
